[debug] [2023-05-13T09:53:35.901Z] ----------------------------------------------------------------------
[debug] [2023-05-13T09:53:35.903Z] Command:       C:\Program Files\nodejs\node.exe C:\Users\rober\AppData\Roaming\npm\node_modules\firebase-tools\lib\bin\firebase.js init hosting
[debug] [2023-05-13T09:53:35.903Z] CLI Version:   12.0.0
[debug] [2023-05-13T09:53:35.903Z] Platform:      win32
[debug] [2023-05-13T09:53:35.903Z] Node Version:  v18.13.0
[debug] [2023-05-13T09:53:35.904Z] Time:          Sat May 13 2023 11:53:35 GMT+0200 (Ora legale dell’Europa centrale)
[debug] [2023-05-13T09:53:35.904Z] ----------------------------------------------------------------------
[debug] 
[debug] [2023-05-13T09:53:35.909Z] > command requires scopes: ["email","openid","https://www.googleapis.com/auth/cloudplatformprojects.readonly","https://www.googleapis.com/auth/firebase","https://www.googleapis.com/auth/cloud-platform"]
[debug] [2023-05-13T09:53:35.909Z] > authorizing via signed-in user (robertoviola1983@gmail.com)
[info] 
     ######## #### ########  ######## ########     ###     ######  ########
     ##        ##  ##     ## ##       ##     ##  ##   ##  ##       ##
     ######    ##  ########  ######   ########  #########  ######  ######
     ##        ##  ##    ##  ##       ##     ## ##     ##       ## ##
     ##       #### ##     ## ######## ########  ##     ##  ######  ########

You're about to initialize a Firebase project in this directory:

  C:\Users\rober\Desktop\CorsoAngular\myApp

[info] 
=== Project Setup
[info] 
[info] First, let's associate this project directory with a Firebase project.
[info] You can create multiple project aliases by running firebase use --add, 
[info] but for now we'll just set up a default project.
[info] 
[debug] [2023-05-13T09:53:40.166Z] >>> [apiv2][query] GET https://firebase.googleapis.com/v1beta1/projects pageSize=100
[debug] [2023-05-13T09:53:40.685Z] <<< [apiv2][status] GET https://firebase.googleapis.com/v1beta1/projects 200
[debug] [2023-05-13T09:53:40.686Z] <<< [apiv2][body] GET https://firebase.googleapis.com/v1beta1/projects [omitted]
[info] i  Using project angular-58456 (Angular) 
[info] 
=== Hosting Setup
[info] 
[info] Your public directory is the folder (relative to your project directory) that
[info] will contain Hosting assets to be uploaded with firebase deploy. If you
[info] have a build process for your assets, use your build's output directory.
[info] 
[debug] [2023-05-13T09:58:39.529Z] >>> [apiv2][query] GET https://www.gstatic.com/firebasejs/releases.json [none]
[debug] [2023-05-13T09:58:39.618Z] <<< [apiv2][status] GET https://www.gstatic.com/firebasejs/releases.json 200
[debug] [2023-05-13T09:58:39.618Z] <<< [apiv2][body] GET https://www.gstatic.com/firebasejs/releases.json {"current":{"version":"9.22.0","browserURL":"https://www.gstatic.com/firebasejs/9.22.0/firebase.js","packageURL":"https://www.gstatic.com/firebasejs/9.22.0/firebase.tgz"},"live":{"version":"9.22","browserURL":"https://www.gstatic.com/firebasejs/live/9.22/firebase.js","packageURL":"https://www.gstatic.com/firebasejs/live/9.22/firebase.tgz"},"components":{"analytics":"https://www.gstatic.com/firebasejs/9.22.0/firebase-analytics.js","app":"https://www.gstatic.com/firebasejs/9.22.0/firebase-app.js","app-check":"https://www.gstatic.com/firebasejs/9.22.0/firebase-app-check.js","auth":"https://www.gstatic.com/firebasejs/9.22.0/firebase-auth.js","auth/cordova":"https://www.gstatic.com/firebasejs/9.22.0/firebase-auth/cordova.js","auth/react-native":"https://www.gstatic.com/firebasejs/9.22.0/firebase-auth/react-native.js","functions":"https://www.gstatic.com/firebasejs/9.22.0/firebase-functions.js","firestore":"https://www.gstatic.com/firebasejs/9.22.0/firebase-firestore.js","firestore/lite":"https://www.gstatic.com/firebasejs/9.22.0/firebase-firestore/lite.js","installations":"https://www.gstatic.com/firebasejs/9.22.0/firebase-installations.js","storage":"https://www.gstatic.com/firebasejs/9.22.0/firebase-storage.js","performance":"https://www.gstatic.com/firebasejs/9.22.0/firebase-performance.js","remote-config":"https://www.gstatic.com/firebasejs/9.22.0/firebase-remote-config.js","messaging":"https://www.gstatic.com/firebasejs/9.22.0/firebase-messaging.js","messaging/sw":"https://www.gstatic.com/firebasejs/9.22.0/firebase-messaging/sw.js","database":"https://www.gstatic.com/firebasejs/9.22.0/firebase-database.js","firestore.memory":"https://www.gstatic.com/firebasejs/9.22.0/firebase-firestore.memory.js"}}
[info] i  Skipping write of dist/my-app/index.html 
[info] 
[info] i  Detected a .git folder at C:\Users\rober\Desktop\CorsoAngular\myApp 
[info] i  Authorizing with GitHub to upload your service account to a GitHub repository's secrets store. 
[info] 
[info] Visit this URL on this device to log in:
[info] https://github.com/login/oauth/authorize?client_id=89cf50f02ac6aaed3484&state=308859017&redirect_uri=http%3A%2F%2Flocalhost%3A9005&scope=read%3Auser%20repo%20public_repo
[info] 
[info] Waiting for authentication...
[debug] [2023-05-13T09:59:29.458Z] >>> [apiv2][query] POST https://github.com/login/oauth/access_token [none]
[debug] [2023-05-13T09:59:29.458Z] >>> [apiv2][body] POST https://github.com/login/oauth/access_token [stream]
[debug] [2023-05-13T09:59:29.749Z] <<< [apiv2][status] POST https://github.com/login/oauth/access_token 200
[debug] [2023-05-13T09:59:29.749Z] <<< [apiv2][body] POST https://github.com/login/oauth/access_token {"access_token":"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","token_type":"bearer","scope":"read:user,repo"}
[debug] [2023-05-13T09:59:29.752Z] >>> [apiv2][query] GET https://api.github.com/user [none]
[debug] [2023-05-13T09:59:30.054Z] <<< [apiv2][status] GET https://api.github.com/user 200
[debug] [2023-05-13T09:59:30.054Z] <<< [apiv2][body] GET https://api.github.com/user {"login":"bobpurple83","id":7678849,"node_id":"MDQ6VXNlcjc2Nzg4NDk=","avatar_url":"https://avatars.githubusercontent.com/u/7678849?v=4","gravatar_id":"","url":"https://api.github.com/users/bobpurple83","html_url":"https://github.com/bobpurple83","followers_url":"https://api.github.com/users/bobpurple83/followers","following_url":"https://api.github.com/users/bobpurple83/following{/other_user}","gists_url":"https://api.github.com/users/bobpurple83/gists{/gist_id}","starred_url":"https://api.github.com/users/bobpurple83/starred{/owner}{/repo}","subscriptions_url":"https://api.github.com/users/bobpurple83/subscriptions","organizations_url":"https://api.github.com/users/bobpurple83/orgs","repos_url":"https://api.github.com/users/bobpurple83/repos","events_url":"https://api.github.com/users/bobpurple83/events{/privacy}","received_events_url":"https://api.github.com/users/bobpurple83/received_events","type":"User","site_admin":false,"name":null,"company":null,"blog":"","location":null,"email":null,"hireable":null,"bio":null,"twitter_username":null,"public_repos":1,"public_gists":0,"followers":0,"following":0,"created_at":"2014-05-23T10:50:41Z","updated_at":"2021-12-06T09:01:59Z","private_gists":0,"total_private_repos":0,"owned_private_repos":0,"disk_usage":1764,"collaborators":0,"two_factor_authentication":false,"plan":{"name":"free","space":976562499,"collaborators":0,"private_repos":10000}}
[info] 
[info] +  Success! Logged into GitHub as bobpurple83 
[info] 
